[DEBUG][2019-03-30 16:25:05.545][<<< OPEN EXCLE >>>]
[DEBUG][2019-03-30 16:25:05.559][Directory : D:\RF_Platform\Temp\1553937905.46Test_Data_EX.xls]
[DEBUG][2019-03-30 16:25:05.601][Sheetname : TestData]
[DEBUG][2019-03-30 16:25:05.612][Row Count : 3]
[DEBUG][2019-03-30 16:25:05.623][Column Count : 13]
[DEBUG][2019-03-30 16:25:05.635][===========================================================================================================]
[DEBUG][2019-03-30 16:25:05.651][
Start : Read Row 'TCSP1Nmae' Data]
[DEBUG][2019-03-30 16:25:05.834][<no> => 1]
[DEBUG][2019-03-30 16:25:05.852][<runstatus> => No Test]
[DEBUG][2019-03-30 16:25:05.870][<testcasename> => TCSP1Nmae]
[DEBUG][2019-03-30 16:25:05.889][<platformname> => ]
[DEBUG][2019-03-30 16:25:05.908][<platformversion> => ]
[DEBUG][2019-03-30 16:25:05.929][<devicename> => ]
[DEBUG][2019-03-30 16:25:05.946][<apppackage> => ]
[DEBUG][2019-03-30 16:25:05.967][<appactivity> => ]
[DEBUG][2019-03-30 16:25:05.985][<testdata1> => gdffff]
[DEBUG][2019-03-30 16:25:06.003][<testdata2> => ]
[DEBUG][2019-03-30 16:25:06.024][<testdata3> => ]
[DEBUG][2019-03-30 16:25:06.042][<testdata4> => ]
[DEBUG][2019-03-30 16:25:06.062][<testdata5> => ]
[DEBUG][2019-03-30 16:25:06.089][END : Read Row 'TCSP1Nmae' Data PASS
]
[DEBUG][2019-03-30 16:25:06.306][<<< OPEN EXCLE >>>]
[DEBUG][2019-03-30 16:25:06.322][Directory : D:\RF_Platform\Temp\1553937906.27Test_Data_EX.xls]
[DEBUG][2019-03-30 16:25:06.370][Sheetname : TestData]
[DEBUG][2019-03-30 16:25:06.383][Row Count : 3]
[DEBUG][2019-03-30 16:25:06.396][Column Count : 13]
[DEBUG][2019-03-30 16:25:06.408][===========================================================================================================]
[DEBUG][2019-03-30 16:25:06.425][
Start : Read Row 'TCSP2Nmae' Data]
[DEBUG][2019-03-30 16:25:06.591][<no> => 2]
[DEBUG][2019-03-30 16:25:06.609][<runstatus> => Run]
[DEBUG][2019-03-30 16:25:06.628][<testcasename> => TCSP2Nmae]
[DEBUG][2019-03-30 16:25:06.646][<platformname> => ]
[DEBUG][2019-03-30 16:25:06.667][<platformversion> => ]
[DEBUG][2019-03-30 16:25:06.686][<devicename> => ]
[DEBUG][2019-03-30 16:25:06.705][<apppackage> => ]
[DEBUG][2019-03-30 16:25:06.724][<appactivity> => ]
[DEBUG][2019-03-30 16:25:06.745][<testdata1> => สบายดีมาก]
[DEBUG][2019-03-30 16:25:06.767][<testdata2> => ]
[DEBUG][2019-03-30 16:25:06.787][<testdata3> => ]
[DEBUG][2019-03-30 16:25:06.807][<testdata4> => ]
[DEBUG][2019-03-30 16:25:06.830][<testdata5> => ]
[DEBUG][2019-03-30 16:25:06.877][END : Read Row 'TCSP2Nmae' Data PASS
]
[DEBUG][2019-03-30 16:25:18.686][Kill Browser]
[DEBUG][2019-03-30 16:25:21.056][- PASS
]
[DEBUG][2019-03-30 16:47:21.163][<<< OPEN EXCLE >>>]
[DEBUG][2019-03-30 16:47:21.177][Directory : D:\RF_Platform\Temp\1553939241.13Test_Data_EX.xls]
[DEBUG][2019-03-30 16:47:21.217][Sheetname : TestData]
[DEBUG][2019-03-30 16:47:21.228][Row Count : 3]
[DEBUG][2019-03-30 16:47:21.237][Column Count : 11]
[DEBUG][2019-03-30 16:47:21.249][===========================================================================================================]
[DEBUG][2019-03-30 16:47:21.266][
Start : Read Row 'TCSP1Nmae' Data]
[DEBUG][2019-03-30 16:47:21.357][<no> => 1]
[DEBUG][2019-03-30 16:47:21.370][<runstatus> => Run]
[DEBUG][2019-03-30 16:47:21.394][<testcasename> => TCSP1Nmae]
[DEBUG][2019-03-30 16:47:21.409][<platformname> => ]
[DEBUG][2019-03-30 16:47:21.421][<platformversion> => ]
[DEBUG][2019-03-30 16:47:21.439][<devicename> => ]
[DEBUG][2019-03-30 16:47:21.456][<testdata1> => เพลง]
[DEBUG][2019-03-30 16:47:21.471][<testdata2> => ]
[DEBUG][2019-03-30 16:47:21.486][<testdata3> => ]
[DEBUG][2019-03-30 16:47:21.505][<testdata4> => ]
[DEBUG][2019-03-30 16:47:21.530][<testdata5> => ]
[DEBUG][2019-03-30 16:47:21.562][END : Read Row 'TCSP1Nmae' Data PASS
]
[DEBUG][2019-03-30 16:47:21.578][Launch Browser]
[DEBUG][2019-03-30 16:47:35.301][CaptureScreenshot]
[DEBUG][2019-03-30 16:47:35.923][- PASS
]
[DEBUG][2019-03-30 16:47:35.938][- PASS
]
[DEBUG][2019-03-30 16:47:35.955][Input Message]
[DEBUG][2019-03-30 16:47:35.981][Convert Attribute To xPath]
[DEBUG][2019-03-30 16:47:36.003][- PASS
]
[DEBUG][2019-03-30 16:47:36.078][CaptureScreenshot]
[DEBUG][2019-03-30 16:47:36.727][- PASS
]
[DEBUG][2019-03-30 16:47:36.849][- PASS
]
[DEBUG][2019-03-30 16:47:36.867][Enter]
[DEBUG][2019-03-30 16:47:36.910][Convert Attribute To xPath]
[DEBUG][2019-03-30 16:47:36.935][- PASS
]
[DEBUG][2019-03-30 16:47:37.025][CaptureScreenshot]
[DEBUG][2019-03-30 16:47:37.767][- PASS
]
[DEBUG][2019-03-30 16:47:45.813][- PASS
]
[DEBUG][2019-03-30 16:47:45.829][Kill Browser]
[DEBUG][2019-03-30 16:47:48.607][- PASS
]
[DEBUG][2019-03-30 16:47:48.877][<<< OPEN EXCLE >>>]
[DEBUG][2019-03-30 16:47:48.893][Directory : D:\RF_Platform\Temp\1553939268.86Test_Data_EX.xls]
[DEBUG][2019-03-30 16:47:48.936][Sheetname : TestData]
[DEBUG][2019-03-30 16:47:48.947][Row Count : 3]
[DEBUG][2019-03-30 16:47:48.958][Column Count : 11]
[DEBUG][2019-03-30 16:47:48.971][===========================================================================================================]
[DEBUG][2019-03-30 16:47:49.006][
Start : Read Row 'TCSP2Nmae' Data]
[DEBUG][2019-03-30 16:47:49.118][<no> => 2]
[DEBUG][2019-03-30 16:47:49.133][<runstatus> => Run]
[DEBUG][2019-03-30 16:47:49.150][<testcasename> => TCSP2Nmae]
[DEBUG][2019-03-30 16:47:49.170][<platformname> => ]
[DEBUG][2019-03-30 16:47:49.185][<platformversion> => ]
[DEBUG][2019-03-30 16:47:49.209][<devicename> => ]
[DEBUG][2019-03-30 16:47:49.227][<testdata1> => สบายดีมาก]
[DEBUG][2019-03-30 16:47:49.248][<testdata2> => ]
[DEBUG][2019-03-30 16:47:49.273][<testdata3> => ]
[DEBUG][2019-03-30 16:47:49.290][<testdata4> => ]
[DEBUG][2019-03-30 16:47:49.310][<testdata5> => ]
[DEBUG][2019-03-30 16:47:49.339][END : Read Row 'TCSP2Nmae' Data PASS
]
[DEBUG][2019-03-30 16:47:59.706][Kill Browser]
[DEBUG][2019-03-30 16:48:02.282][- PASS
]
[DEBUG][2019-03-30 16:50:48.307][<<< OPEN EXCLE >>>]
[DEBUG][2019-03-30 16:50:48.317][Directory : D:\RF_Platform\Temp\1553939448.29Test_Data_EX.xls]
[DEBUG][2019-03-30 16:50:48.346][Sheetname : TestData]
[DEBUG][2019-03-30 16:50:48.364][Row Count : 3]
[DEBUG][2019-03-30 16:50:48.386][Column Count : 11]
[DEBUG][2019-03-30 16:50:48.400][===========================================================================================================]
[DEBUG][2019-03-30 16:50:48.420][
Start : Read Row 'TCSP1Nmae' Data]
[DEBUG][2019-03-30 16:50:48.600][<no> => 1]
[DEBUG][2019-03-30 16:50:48.614][<runstatus> => Run]
[DEBUG][2019-03-30 16:50:48.628][<testcasename> => TCSP1Nmae]
[DEBUG][2019-03-30 16:50:48.656][<platformname> => ]
[DEBUG][2019-03-30 16:50:48.675][<platformversion> => ]
[DEBUG][2019-03-30 16:50:48.703][<devicename> => ]
[DEBUG][2019-03-30 16:50:48.731][<testdata1> => เพลง]
[DEBUG][2019-03-30 16:50:48.753][<testdata2> => ]
[DEBUG][2019-03-30 16:50:48.787][<testdata3> => ]
[DEBUG][2019-03-30 16:50:48.806][<testdata4> => ]
[DEBUG][2019-03-30 16:50:48.821][<testdata5> => ]
[DEBUG][2019-03-30 16:50:48.849][END : Read Row 'TCSP1Nmae' Data PASS
]
[DEBUG][2019-03-30 16:50:48.864][Launch Browser]
[DEBUG][2019-03-30 16:50:56.790][CaptureScreenshot]
[DEBUG][2019-03-30 16:50:57.451][- PASS
]
[DEBUG][2019-03-30 16:50:57.463][- PASS
]
[DEBUG][2019-03-30 16:50:57.474][Input Message]
[DEBUG][2019-03-30 16:50:57.483][Convert Attribute To xPath]
[DEBUG][2019-03-30 16:50:57.499][- PASS
]
[DEBUG][2019-03-30 16:50:57.554][CaptureScreenshot]
[DEBUG][2019-03-30 16:50:58.211][- PASS
]
[DEBUG][2019-03-30 16:50:58.320][- PASS
]
[DEBUG][2019-03-30 16:50:58.335][Enter]
[DEBUG][2019-03-30 16:50:58.352][Convert Attribute To xPath]
[DEBUG][2019-03-30 16:50:58.386][- PASS
]
[DEBUG][2019-03-30 16:50:58.414][CaptureScreenshot]
[DEBUG][2019-03-30 16:50:59.164][- PASS
]
[DEBUG][2019-03-30 16:51:02.713][- PASS
]
[DEBUG][2019-03-30 16:51:02.730][Kill Browser]
[DEBUG][2019-03-30 16:51:05.400][- PASS
]
[DEBUG][2019-03-30 16:51:05.617][<<< OPEN EXCLE >>>]
[DEBUG][2019-03-30 16:51:05.637][Directory : D:\RF_Platform\Temp\1553939465.59Test_Data_EX.xls]
[DEBUG][2019-03-30 16:51:05.683][Sheetname : TestData]
[DEBUG][2019-03-30 16:51:05.698][Row Count : 3]
[DEBUG][2019-03-30 16:51:05.712][Column Count : 11]
[DEBUG][2019-03-30 16:51:05.731][===========================================================================================================]
[DEBUG][2019-03-30 16:51:05.750][
Start : Read Row 'TCSP2Nmae' Data]
[DEBUG][2019-03-30 16:51:05.865][<no> => 2]
[DEBUG][2019-03-30 16:51:05.882][<runstatus> => Run]
[DEBUG][2019-03-30 16:51:05.907][<testcasename> => TCSP2Nmae]
[DEBUG][2019-03-30 16:51:05.920][<platformname> => ]
[DEBUG][2019-03-30 16:51:05.937][<platformversion> => ]
[DEBUG][2019-03-30 16:51:05.952][<devicename> => ]
[DEBUG][2019-03-30 16:51:05.973][<testdata1> => สบายดีมาก]
[DEBUG][2019-03-30 16:51:05.996][<testdata2> => ]
[DEBUG][2019-03-30 16:51:06.014][<testdata3> => ]
[DEBUG][2019-03-30 16:51:06.034][<testdata4> => ]
[DEBUG][2019-03-30 16:51:06.049][<testdata5> => ]
[DEBUG][2019-03-30 16:51:06.075][END : Read Row 'TCSP2Nmae' Data PASS
]
[DEBUG][2019-03-30 16:51:12.808][Kill Browser]
[DEBUG][2019-03-30 16:51:15.547][- PASS
]
[DEBUG][2019-03-30 16:53:21.874][<<< OPEN EXCLE >>>]
[DEBUG][2019-03-30 16:53:21.888][Directory : D:\RF_Platform\Temp\1553939601.85Test_Data_EX.xls]
[DEBUG][2019-03-30 16:53:21.924][Sheetname : TestData]
[DEBUG][2019-03-30 16:53:21.937][Row Count : 3]
[DEBUG][2019-03-30 16:53:21.952][Column Count : 11]
[DEBUG][2019-03-30 16:53:21.965][===========================================================================================================]
[DEBUG][2019-03-30 16:53:21.984][
Start : Read Row 'TCSP1Nmae' Data]
[DEBUG][2019-03-30 16:53:22.162][<no> => 1]
[DEBUG][2019-03-30 16:53:22.181][<runstatus> => Run]
[DEBUG][2019-03-30 16:53:22.201][<testcasename> => TCSP1Nmae]
[DEBUG][2019-03-30 16:53:22.224][<platformname> => ]
[DEBUG][2019-03-30 16:53:22.353][<platformversion> => ]
[DEBUG][2019-03-30 16:53:22.376][<devicename> => ]
[DEBUG][2019-03-30 16:53:22.403][<testdata1> => เพลง]
[DEBUG][2019-03-30 16:53:22.430][<testdata2> => ]
[DEBUG][2019-03-30 16:53:22.459][<testdata3> => ]
[DEBUG][2019-03-30 16:53:22.482][<testdata4> => ]
[DEBUG][2019-03-30 16:53:22.513][<testdata5> => ]
[DEBUG][2019-03-30 16:53:22.555][END : Read Row 'TCSP1Nmae' Data PASS
]
[DEBUG][2019-03-30 16:53:22.579][Launch Browser]
[DEBUG][2019-03-30 16:53:30.495][CaptureScreenshot]
[DEBUG][2019-03-30 16:53:31.115][- PASS
]
[DEBUG][2019-03-30 16:53:31.129][- PASS
]
[DEBUG][2019-03-30 16:53:31.152][Input Message]
[DEBUG][2019-03-30 16:53:31.178][Convert Attribute To xPath]
[DEBUG][2019-03-30 16:53:31.203][- PASS
]
[DEBUG][2019-03-30 16:53:31.242][CaptureScreenshot]
[DEBUG][2019-03-30 16:53:31.883][- PASS
]
[DEBUG][2019-03-30 16:53:32.015][- PASS
]
[DEBUG][2019-03-30 16:53:32.038][Enter]
[DEBUG][2019-03-30 16:53:32.059][Convert Attribute To xPath]
[DEBUG][2019-03-30 16:53:32.081][- PASS
]
[DEBUG][2019-03-30 16:53:32.110][CaptureScreenshot]
[DEBUG][2019-03-30 16:53:32.849][- PASS
]
[DEBUG][2019-03-30 16:53:40.594][- PASS
]
[DEBUG][2019-03-30 16:53:40.614][Kill Browser]
[DEBUG][2019-03-30 16:53:42.954][- PASS
]
[DEBUG][2019-03-30 16:53:53.693][<<< OPEN EXCLE >>>]
[DEBUG][2019-03-30 16:53:53.711][Directory : D:\RF_Platform\Temp\1553939633.61Test_Data_EX.xls]
[DEBUG][2019-03-30 16:53:53.760][Sheetname : TestData]
[DEBUG][2019-03-30 16:53:53.778][Row Count : 3]
[DEBUG][2019-03-30 16:53:53.801][Column Count : 11]
[DEBUG][2019-03-30 16:53:53.817][===========================================================================================================]
[DEBUG][2019-03-30 16:53:53.833][
Start : Read Row 'TCSP1Nmae' Data]
[DEBUG][2019-03-30 16:53:54.000][<no> => 1]
[DEBUG][2019-03-30 16:53:54.022][<runstatus> => Run]
[DEBUG][2019-03-30 16:53:54.041][<testcasename> => TCSP1Nmae]
[DEBUG][2019-03-30 16:53:54.062][<platformname> => ]
[DEBUG][2019-03-30 16:53:54.081][<platformversion> => ]
[DEBUG][2019-03-30 16:53:54.102][<devicename> => ]
[DEBUG][2019-03-30 16:53:54.122][<testdata1> => เพลง]
[DEBUG][2019-03-30 16:53:54.141][<testdata2> => ]
[DEBUG][2019-03-30 16:53:54.161][<testdata3> => ]
[DEBUG][2019-03-30 16:53:54.183][<testdata4> => ]
[DEBUG][2019-03-30 16:53:54.201][<testdata5> => ]
[DEBUG][2019-03-30 16:53:54.233][END : Read Row 'TCSP1Nmae' Data PASS
]
[DEBUG][2019-03-30 16:53:54.256][Launch Browser]
[DEBUG][2019-03-30 16:54:05.744][CaptureScreenshot]
[DEBUG][2019-03-30 16:54:06.409][- PASS
]
[DEBUG][2019-03-30 16:54:06.433][- PASS
]
[DEBUG][2019-03-30 16:54:06.460][Input Message]
[DEBUG][2019-03-30 16:54:06.485][Convert Attribute To xPath]
[DEBUG][2019-03-30 16:54:06.516][- PASS
]
[DEBUG][2019-03-30 16:54:06.558][CaptureScreenshot]
[DEBUG][2019-03-30 16:54:07.211][- PASS
]
[DEBUG][2019-03-30 16:54:07.351][- PASS
]
[DEBUG][2019-03-30 16:54:07.377][Enter]
[DEBUG][2019-03-30 16:54:07.401][Convert Attribute To xPath]
[DEBUG][2019-03-30 16:54:07.432][- PASS
]
[DEBUG][2019-03-30 16:54:07.523][CaptureScreenshot]
[DEBUG][2019-03-30 16:54:08.265][- PASS
]
[DEBUG][2019-03-30 16:54:17.080][- PASS
]
[DEBUG][2019-03-30 16:54:17.104][Kill Browser]
[DEBUG][2019-03-30 16:54:19.631][- PASS
]
[DEBUG][2019-03-30 16:54:19.973][<<< OPEN EXCLE >>>]
[DEBUG][2019-03-30 16:54:19.995][Directory : D:\RF_Platform\Temp\1553939659.95Test_Data_EX.xls]
[DEBUG][2019-03-30 16:54:20.039][Sheetname : TestData]
[DEBUG][2019-03-30 16:54:20.058][Row Count : 3]
[DEBUG][2019-03-30 16:54:20.075][Column Count : 11]
[DEBUG][2019-03-30 16:54:20.093][===========================================================================================================]
[DEBUG][2019-03-30 16:54:20.119][
Start : Read Row 'TCSP2Nmae' Data]
[DEBUG][2019-03-30 16:54:20.336][<no> => 2]
[DEBUG][2019-03-30 16:54:20.370][<runstatus> => Run]
[DEBUG][2019-03-30 16:54:20.394][<testcasename> => TCSP2Nmae]
[DEBUG][2019-03-30 16:54:20.420][<platformname> => ]
[DEBUG][2019-03-30 16:54:20.447][<platformversion> => ]
[DEBUG][2019-03-30 16:54:20.471][<devicename> => ]
[DEBUG][2019-03-30 16:54:20.493][<testdata1> => สบายดีมาก]
[DEBUG][2019-03-30 16:54:20.515][<testdata2> => ]
[DEBUG][2019-03-30 16:54:20.539][<testdata3> => ]
[DEBUG][2019-03-30 16:54:20.562][<testdata4> => ]
[DEBUG][2019-03-30 16:54:20.593][<testdata5> => ]
[DEBUG][2019-03-30 16:54:20.637][END : Read Row 'TCSP2Nmae' Data PASS
]
[DEBUG][2019-03-30 16:54:35.861][Kill Browser]
[DEBUG][2019-03-30 16:54:39.469][- PASS
]
[DEBUG][2019-03-30 16:59:43.213][<<< OPEN EXCLE >>>]
[DEBUG][2019-03-30 16:59:43.228][Directory : D:\RF_Platform\Temp\1553939983.19Test_Data_EX.xls]
[DEBUG][2019-03-30 16:59:43.268][Sheetname : TestData]
[DEBUG][2019-03-30 16:59:43.281][Row Count : 3]
[DEBUG][2019-03-30 16:59:43.295][Column Count : 11]
[DEBUG][2019-03-30 16:59:43.307][===========================================================================================================]
[DEBUG][2019-03-30 16:59:43.329][
Start : Read Row 'TCSP1Nmae' Data]
[DEBUG][2019-03-30 16:59:43.415][<no> => 1]
[DEBUG][2019-03-30 16:59:43.429][<runstatus> => Run]
[DEBUG][2019-03-30 16:59:43.451][<testcasename> => TCSP1Nmae]
[DEBUG][2019-03-30 16:59:43.475][<platformname> => ]
[DEBUG][2019-03-30 16:59:43.507][<platformversion> => ]
[DEBUG][2019-03-30 16:59:43.546][<devicename> => ]
[DEBUG][2019-03-30 16:59:43.574][<testdata1> => เพลง]
[DEBUG][2019-03-30 16:59:43.604][<testdata2> => ]
[DEBUG][2019-03-30 16:59:43.623][<testdata3> => ]
[DEBUG][2019-03-30 16:59:43.644][<testdata4> => ]
[DEBUG][2019-03-30 16:59:43.662][<testdata5> => ]
[DEBUG][2019-03-30 16:59:43.687][END : Read Row 'TCSP1Nmae' Data PASS
]
[DEBUG][2019-03-30 16:59:43.709][Launch Browser]
[DEBUG][2019-03-30 16:59:58.331][CaptureScreenshot]
[DEBUG][2019-03-30 16:59:59.016][- PASS
]
[DEBUG][2019-03-30 16:59:59.025][- PASS
]
[DEBUG][2019-03-30 16:59:59.039][Input Message]
[DEBUG][2019-03-30 16:59:59.058][Convert Attribute To xPath]
[DEBUG][2019-03-30 16:59:59.073][- PASS
]
[DEBUG][2019-03-30 16:59:59.108][CaptureScreenshot]
[DEBUG][2019-03-30 16:59:59.742][- PASS
]
[DEBUG][2019-03-30 16:59:59.857][- PASS
]
[DEBUG][2019-03-30 16:59:59.869][Enter]
[DEBUG][2019-03-30 16:59:59.883][Convert Attribute To xPath]
[DEBUG][2019-03-30 16:59:59.908][- PASS
]
[DEBUG][2019-03-30 16:59:59.939][CaptureScreenshot]
[DEBUG][2019-03-30 17:00:00.688][- PASS
]
[DEBUG][2019-03-30 17:00:06.323][- PASS
]
[DEBUG][2019-03-30 17:00:06.336][Kill Browser]
[DEBUG][2019-03-30 17:00:08.926][- PASS
]
[DEBUG][2019-03-30 17:02:00.821][<<< OPEN EXCLE >>>]
[DEBUG][2019-03-30 17:02:00.830][Directory : D:\RF_Platform\Temp\1553940120.8Test_Data_EX.xls]
[DEBUG][2019-03-30 17:02:00.861][Sheetname : TestData]
[DEBUG][2019-03-30 17:02:00.871][Row Count : 3]
[DEBUG][2019-03-30 17:02:00.880][Column Count : 11]
[DEBUG][2019-03-30 17:02:00.889][===========================================================================================================]
[DEBUG][2019-03-30 17:02:00.901][
Start : Read Row 'TCSP1Nmae' Data]
[DEBUG][2019-03-30 17:02:01.265][<no> => 1]
[DEBUG][2019-03-30 17:02:01.278][<runstatus> => Run]
[DEBUG][2019-03-30 17:02:01.294][<testcasename> => TCSP1Nmae]
[DEBUG][2019-03-30 17:02:01.307][<platformname> => ]
[DEBUG][2019-03-30 17:02:01.320][<platformversion> => ]
[DEBUG][2019-03-30 17:02:01.341][<devicename> => ]
[DEBUG][2019-03-30 17:02:01.354][<testdata1> => เพลง]
[DEBUG][2019-03-30 17:02:01.376][<testdata2> => ]
[DEBUG][2019-03-30 17:02:01.395][<testdata3> => ]
[DEBUG][2019-03-30 17:02:01.411][<testdata4> => ]
[DEBUG][2019-03-30 17:02:01.430][<testdata5> => ]
[DEBUG][2019-03-30 17:02:01.458][END : Read Row 'TCSP1Nmae' Data PASS
]
[DEBUG][2019-03-30 17:02:01.474][Launch Browser]
[DEBUG][2019-03-30 17:02:07.317][CaptureScreenshot]
[DEBUG][2019-03-30 17:02:07.971][- PASS
]
[DEBUG][2019-03-30 17:02:07.982][- PASS
]
[DEBUG][2019-03-30 17:02:08.007][Input Message]
[DEBUG][2019-03-30 17:02:08.027][Convert Attribute To xPath]
[DEBUG][2019-03-30 17:02:08.045][- PASS
]
[DEBUG][2019-03-30 17:02:08.083][CaptureScreenshot]
[DEBUG][2019-03-30 17:02:08.652][- PASS
]
[DEBUG][2019-03-30 17:02:08.767][- PASS
]
[DEBUG][2019-03-30 17:02:08.815][Enter]
[DEBUG][2019-03-30 17:02:08.865][Convert Attribute To xPath]
[DEBUG][2019-03-30 17:02:08.898][- PASS
]
[DEBUG][2019-03-30 17:02:08.972][CaptureScreenshot]
[DEBUG][2019-03-30 17:02:09.757][- PASS
]
[DEBUG][2019-03-30 17:02:12.100][- PASS
]
[DEBUG][2019-03-30 17:02:12.121][Kill Browser]
[DEBUG][2019-03-30 17:02:14.806][- PASS
]
